[32mMay-02-2014 20:05:44[39m [34m[fog-bootstrapper] bootstrapping fog siren hypermedia API.[39m
[32mMay-02-2014 20:06:02[39m [34m[fog-bootstrapper] connecting to cloud endpoint at: ws://zetta-cloud.herokuapp.com via websocket[39m
[32mMay-02-2014 20:06:03[39m [34m[fog-runtime] Device ready huehub initialized from registry[39m
[32mMay-02-2014 20:06:03[39m [34m[fog-runtime] Device retrieved Hue Hub 001788fffe10857f[39m
[32mMay-02-2014 20:06:03[39m [34m[fog-runtime] Device ready huebulb initialized from registry[39m
[32mMay-02-2014 20:06:03[39m [34m[fog-runtime] Device ready huebulb initialized from registry[39m
[32mMay-02-2014 20:06:03[39m [34m[fog-runtime] Device ready huebulb initialized from registry[39m
[32mMay-02-2014 20:06:03[39m [34m[fog-runtime] Device ready huebulb initialized from registry[39m
[32mMay-02-2014 20:06:03[39m [34m[fog-runtime] Device ready huebulb initialized from registry[39m
[32mMay-02-2014 20:06:03[39m [34m[fog-runtime] Device ready temperature[39m
[32mMay-02-2014 20:06:03[39m [34m[fog-runtime] Device retrieved temperature[39m
[32mMay-02-2014 20:06:03[39m [34m[fog-runtime] Device ready barometer[39m
[32mMay-02-2014 20:06:03[39m [34m[fog-runtime] Device retrieved barometer[39m
[32mMay-02-2014 20:06:03[39m [34m[fog-runtime] Device ready humidity[39m
[32mMay-02-2014 20:06:03[39m [34m[fog-runtime] Device retrieved humidity[39m
[32mMay-02-2014 20:06:03[39m [34m[fog-runtime] Device ready sound[39m
[32mMay-02-2014 20:06:03[39m [34m[fog-runtime] Device retrieved sound[39m
[32mMay-02-2014 20:06:03[39m [34m[fog-runtime] Device ready photocell[39m
[32mMay-02-2014 20:06:03[39m [34m[fog-runtime] Device retrieved lumosity[39m
[32mMay-02-2014 20:06:03[39m [34m[cloud-client] Cloud connection established (ws://zetta-cloud.herokuapp.com/peers/hello)[39m
[32mMay-02-2014 20:06:03[39m [34m[fog-runtime] Device ready arm[39m
[32mMay-02-2014 20:06:03[39m [34m[fog-runtime] Device retrieved arm[39m
[32mMay-02-2014 20:06:06[39m [34m[fog-runtime] Device ready screen[39m
[32mMay-02-2014 20:06:06[39m [34m[fog-runtime] Device retrieved touch-screen[39m
[32mMay-02-2014 20:06:32[39m [34m[fog-runtime] Created subscription to stream temperature/temp[39m
[32mMay-02-2014 20:06:32[39m [34m[fog-runtime] Created subscription to stream barometer/pressure[39m
[32mMay-02-2014 20:06:36[39m [34m[fog-runtime] Created subscription to stream photocell/lumosity[39m
[32mMay-02-2014 20:06:36[39m [34m[fog-runtime] Created subscription to stream sound/sound[39m
[32mMay-02-2014 20:06:36[39m [34m[fog-runtime] Created subscription to stream humidity/humidity[39m
